[2024-10-18T16:10:38.750+0000] {local_task_job_runner.py:123} INFO - ::group::Pre task execution logs
[2024-10-18T16:10:38.803+0000] {taskinstance.py:2612} INFO - Dependencies all met for dep_context=non-requeueable deps ti=<TaskInstance: kafka_producer_dag.run_kafka_incidents_producer scheduled__2024-10-17T00:00:00+00:00 [queued]>
[2024-10-18T16:10:38.837+0000] {taskinstance.py:2612} INFO - Dependencies all met for dep_context=requeueable deps ti=<TaskInstance: kafka_producer_dag.run_kafka_incidents_producer scheduled__2024-10-17T00:00:00+00:00 [queued]>
[2024-10-18T16:10:38.843+0000] {taskinstance.py:2865} INFO - Starting attempt 1 of 1
[2024-10-18T16:10:38.894+0000] {taskinstance.py:2888} INFO - Executing <Task(BashOperator): run_kafka_incidents_producer> on 2024-10-17 00:00:00+00:00
[2024-10-18T16:10:38.912+0000] {warnings.py:112} WARNING - /home/airflow/.local/lib/python3.12/site-packages/airflow/task/task_runner/standard_task_runner.py:70: DeprecationWarning: This process (pid=76) is multi-threaded, use of fork() may lead to deadlocks in the child.
  pid = os.fork()

[2024-10-18T16:10:38.918+0000] {standard_task_runner.py:72} INFO - Started process 83 to run task
[2024-10-18T16:10:38.931+0000] {standard_task_runner.py:104} INFO - Running: ['airflow', 'tasks', 'run', 'kafka_producer_dag', 'run_kafka_incidents_producer', 'scheduled__2024-10-17T00:00:00+00:00', '--job-id', '50', '--raw', '--subdir', 'DAGS_FOLDER/producer_dag.py', '--cfg-path', '/tmp/tmp32ocw8td']
[2024-10-18T16:10:38.934+0000] {standard_task_runner.py:105} INFO - Job 50: Subtask run_kafka_incidents_producer
[2024-10-18T16:10:39.223+0000] {task_command.py:467} INFO - Running <TaskInstance: kafka_producer_dag.run_kafka_incidents_producer scheduled__2024-10-17T00:00:00+00:00 [running]> on host d3e030726ed3
[2024-10-18T16:10:39.514+0000] {taskinstance.py:3131} INFO - Exporting env vars: AIRFLOW_CTX_DAG_OWNER='airflow' AIRFLOW_CTX_DAG_ID='kafka_producer_dag' AIRFLOW_CTX_TASK_ID='run_kafka_incidents_producer' AIRFLOW_CTX_EXECUTION_DATE='2024-10-17T00:00:00+00:00' AIRFLOW_CTX_TRY_NUMBER='1' AIRFLOW_CTX_DAG_RUN_ID='scheduled__2024-10-17T00:00:00+00:00'
[2024-10-18T16:10:39.522+0000] {taskinstance.py:731} INFO - ::endgroup::
[2024-10-18T16:10:39.674+0000] {subprocess.py:63} INFO - Tmp dir root location: /tmp
[2024-10-18T16:10:39.675+0000] {subprocess.py:75} INFO - Running command: ['/usr/bin/bash', '-c', 'python3 /opt/airflow/app/kafka/producer/producer.py']
[2024-10-18T16:10:39.714+0000] {subprocess.py:86} INFO - Output:
[2024-10-18T16:10:48.812+0000] {subprocess.py:93} INFO - Topic traffic_incidents created
[2024-10-18T16:10:48.814+0000] {subprocess.py:93} INFO - Topic traffic_speedbands created
[2024-10-18T16:10:48.815+0000] {subprocess.py:93} INFO - Topic traffic_vms created
[2024-10-18T16:10:48.816+0000] {subprocess.py:93} INFO - Topic traffic_images created
[2024-10-18T16:10:48.817+0000] {subprocess.py:93} INFO - Message delivered to traffic_incidents [0]
[2024-10-18T16:10:48.818+0000] {subprocess.py:93} INFO - Message delivered to traffic_incidents [0]
[2024-10-18T16:10:48.819+0000] {subprocess.py:93} INFO - Message delivered to traffic_incidents [0]
[2024-10-18T16:10:48.820+0000] {subprocess.py:93} INFO - Message delivered to traffic_incidents [0]
[2024-10-18T16:10:48.821+0000] {subprocess.py:93} INFO - Message delivered to traffic_incidents [0]
[2024-10-18T16:10:48.823+0000] {subprocess.py:93} INFO - Message delivered to traffic_incidents [0]
[2024-10-18T16:10:48.825+0000] {subprocess.py:93} INFO - Message delivered to traffic_incidents [0]
[2024-10-18T16:10:48.826+0000] {subprocess.py:93} INFO - Message delivered to traffic_incidents [0]
[2024-10-18T16:10:48.829+0000] {subprocess.py:93} INFO - Message delivered to traffic_incidents [0]
[2024-10-18T16:10:48.835+0000] {subprocess.py:93} INFO - Message delivered to traffic_incidents [0]
[2024-10-18T16:10:48.841+0000] {subprocess.py:93} INFO - Message delivered to traffic_incidents [0]
[2024-10-18T16:10:48.843+0000] {subprocess.py:93} INFO - Message delivered to traffic_incidents [0]
[2024-10-18T16:10:48.845+0000] {subprocess.py:93} INFO - Message delivered to traffic_incidents [0]
[2024-10-18T16:10:48.846+0000] {subprocess.py:93} INFO - Message delivered to traffic_incidents [0]
[2024-10-18T16:10:48.850+0000] {subprocess.py:93} INFO - Message delivered to traffic_incidents [0]
[2024-10-18T16:10:48.851+0000] {subprocess.py:93} INFO - Message delivered to traffic_incidents [0]
[2024-10-18T16:10:48.853+0000] {subprocess.py:93} INFO - Message delivered to traffic_incidents [0]
[2024-10-18T16:10:48.855+0000] {subprocess.py:93} INFO - Message delivered to traffic_incidents [0]
[2024-10-18T16:10:48.856+0000] {subprocess.py:93} INFO - Message delivered to traffic_incidents [0]
[2024-10-18T16:10:48.857+0000] {subprocess.py:93} INFO - Message delivered to traffic_incidents [0]
[2024-10-18T16:10:48.857+0000] {subprocess.py:93} INFO - Message delivered to traffic_incidents [0]
[2024-10-18T16:10:48.860+0000] {subprocess.py:93} INFO - Message delivered to traffic_incidents [0]
[2024-10-18T16:10:48.861+0000] {subprocess.py:93} INFO - Message delivered to traffic_incidents [0]
[2024-10-18T16:10:48.863+0000] {subprocess.py:93} INFO - Message delivered to traffic_incidents [0]
[2024-10-18T16:10:48.864+0000] {subprocess.py:93} INFO - Message delivered to traffic_speedbands [0]
[2024-10-18T16:10:48.865+0000] {subprocess.py:93} INFO - Message delivered to traffic_speedbands [0]
[2024-10-18T16:10:48.866+0000] {subprocess.py:93} INFO - Message delivered to traffic_speedbands [0]
[2024-10-18T16:10:48.867+0000] {subprocess.py:93} INFO - Message delivered to traffic_speedbands [0]
[2024-10-18T16:10:48.869+0000] {subprocess.py:93} INFO - Message delivered to traffic_speedbands [0]
[2024-10-18T16:10:48.870+0000] {subprocess.py:93} INFO - Message delivered to traffic_speedbands [0]
[2024-10-18T16:10:48.870+0000] {subprocess.py:93} INFO - Message delivered to traffic_speedbands [0]
[2024-10-18T16:10:48.871+0000] {subprocess.py:93} INFO - Message delivered to traffic_speedbands [0]
[2024-10-18T16:10:48.871+0000] {subprocess.py:93} INFO - Message delivered to traffic_speedbands [0]
[2024-10-18T16:10:48.873+0000] {subprocess.py:93} INFO - Message delivered to traffic_speedbands [0]
[2024-10-18T16:10:48.874+0000] {subprocess.py:93} INFO - Message delivered to traffic_speedbands [0]
[2024-10-18T16:10:48.875+0000] {subprocess.py:93} INFO - Message delivered to traffic_speedbands [0]
[2024-10-18T16:10:48.876+0000] {subprocess.py:93} INFO - Message delivered to traffic_speedbands [0]
[2024-10-18T16:10:48.877+0000] {subprocess.py:93} INFO - Message delivered to traffic_speedbands [0]
[2024-10-18T16:10:48.877+0000] {subprocess.py:93} INFO - Message delivered to traffic_speedbands [0]
[2024-10-18T16:10:48.880+0000] {subprocess.py:93} INFO - Message delivered to traffic_speedbands [0]
[2024-10-18T16:10:48.883+0000] {subprocess.py:93} INFO - Message delivered to traffic_speedbands [0]
[2024-10-18T16:10:48.885+0000] {subprocess.py:93} INFO - Message delivered to traffic_speedbands [0]
[2024-10-18T16:10:48.886+0000] {subprocess.py:93} INFO - Message delivered to traffic_speedbands [0]
[2024-10-18T16:10:48.887+0000] {subprocess.py:93} INFO - Message delivered to traffic_speedbands [0]
[2024-10-18T16:10:48.888+0000] {subprocess.py:93} INFO - Message delivered to traffic_speedbands [0]
[2024-10-18T16:10:48.889+0000] {subprocess.py:93} INFO - Message delivered to traffic_speedbands [0]
[2024-10-18T16:10:48.890+0000] {subprocess.py:93} INFO - Message delivered to traffic_speedbands [0]
[2024-10-18T16:10:48.912+0000] {subprocess.py:93} INFO - Message delivered to traffic_speedbands [0]
[2024-10-18T16:10:48.918+0000] {subprocess.py:93} INFO - Message delivered to traffic_speedbands [0]
[2024-10-18T16:10:48.918+0000] {subprocess.py:93} INFO - Message delivered to traffic_speedbands [0]
[2024-10-18T16:10:48.919+0000] {subprocess.py:93} INFO - Message delivered to traffic_speedbands [0]
[2024-10-18T16:10:48.920+0000] {subprocess.py:93} INFO - Message delivered to traffic_speedbands [0]
[2024-10-18T16:10:48.921+0000] {subprocess.py:93} INFO - Message delivered to traffic_speedbands [0]
[2024-10-18T16:10:48.921+0000] {subprocess.py:93} INFO - Message delivered to traffic_speedbands [0]
[2024-10-18T16:10:48.923+0000] {subprocess.py:93} INFO - Message delivered to traffic_speedbands [0]
[2024-10-18T16:10:48.923+0000] {subprocess.py:93} INFO - Message delivered to traffic_speedbands [0]
[2024-10-18T16:10:48.924+0000] {subprocess.py:93} INFO - Message delivered to traffic_speedbands [0]
[2024-10-18T16:10:48.925+0000] {subprocess.py:93} INFO - Message delivered to traffic_speedbands [0]
[2024-10-18T16:10:48.925+0000] {subprocess.py:93} INFO - Message delivered to traffic_speedbands [0]
[2024-10-18T16:10:48.927+0000] {subprocess.py:93} INFO - Message delivered to traffic_speedbands [0]
[2024-10-18T16:10:48.928+0000] {subprocess.py:93} INFO - Message delivered to traffic_speedbands [0]
[2024-10-18T16:10:48.930+0000] {subprocess.py:93} INFO - Message delivered to traffic_speedbands [0]
[2024-10-18T16:10:48.931+0000] {subprocess.py:93} INFO - Message delivered to traffic_speedbands [0]
[2024-10-18T16:10:48.932+0000] {subprocess.py:93} INFO - Message delivered to traffic_speedbands [0]
[2024-10-18T16:10:48.933+0000] {subprocess.py:93} INFO - Message delivered to traffic_speedbands [0]
[2024-10-18T16:10:48.934+0000] {subprocess.py:93} INFO - Message delivered to traffic_speedbands [0]
[2024-10-18T16:10:48.935+0000] {subprocess.py:93} INFO - Message delivered to traffic_speedbands [0]
[2024-10-18T16:10:48.936+0000] {subprocess.py:93} INFO - Message delivered to traffic_speedbands [0]
[2024-10-18T16:10:48.937+0000] {subprocess.py:93} INFO - Message delivered to traffic_speedbands [0]
[2024-10-18T16:10:48.938+0000] {subprocess.py:93} INFO - Message delivered to traffic_speedbands [0]
[2024-10-18T16:10:48.939+0000] {subprocess.py:93} INFO - Message delivered to traffic_speedbands [0]
[2024-10-18T16:10:48.941+0000] {subprocess.py:93} INFO - Message delivered to traffic_speedbands [0]
[2024-10-18T16:10:48.942+0000] {subprocess.py:93} INFO - Message delivered to traffic_speedbands [0]
[2024-10-18T16:10:48.944+0000] {subprocess.py:93} INFO - Message delivered to traffic_speedbands [0]
[2024-10-18T16:10:48.945+0000] {subprocess.py:93} INFO - Message delivered to traffic_speedbands [0]
[2024-10-18T16:10:48.946+0000] {subprocess.py:93} INFO - Message delivered to traffic_speedbands [0]
[2024-10-18T16:10:48.947+0000] {subprocess.py:93} INFO - Message delivered to traffic_speedbands [0]
[2024-10-18T16:10:48.948+0000] {subprocess.py:93} INFO - Message delivered to traffic_speedbands [0]
[2024-10-18T16:10:48.949+0000] {subprocess.py:93} INFO - Message delivered to traffic_speedbands [0]
[2024-10-18T16:10:48.949+0000] {subprocess.py:93} INFO - Message delivered to traffic_speedbands [0]
[2024-10-18T16:10:48.957+0000] {subprocess.py:93} INFO - Message delivered to traffic_speedbands [0]
[2024-10-18T16:10:48.958+0000] {subprocess.py:93} INFO - Message delivered to traffic_speedbands [0]
[2024-10-18T16:10:48.959+0000] {subprocess.py:93} INFO - Message delivered to traffic_speedbands [0]
[2024-10-18T16:10:48.959+0000] {subprocess.py:93} INFO - Message delivered to traffic_speedbands [0]
[2024-10-18T16:10:48.960+0000] {subprocess.py:93} INFO - Message delivered to traffic_speedbands [0]
[2024-10-18T16:10:48.961+0000] {subprocess.py:93} INFO - Message delivered to traffic_speedbands [0]
[2024-10-18T16:10:48.961+0000] {subprocess.py:93} INFO - Message delivered to traffic_speedbands [0]
[2024-10-18T16:10:48.962+0000] {subprocess.py:93} INFO - Message delivered to traffic_speedbands [0]
[2024-10-18T16:10:48.963+0000] {subprocess.py:93} INFO - Message delivered to traffic_speedbands [0]
[2024-10-18T16:10:48.964+0000] {subprocess.py:93} INFO - Message delivered to traffic_speedbands [0]
[2024-10-18T16:10:48.964+0000] {subprocess.py:93} INFO - Message delivered to traffic_speedbands [0]
[2024-10-18T16:10:48.965+0000] {subprocess.py:93} INFO - Message delivered to traffic_speedbands [0]
[2024-10-18T16:10:48.966+0000] {subprocess.py:93} INFO - Message delivered to traffic_speedbands [0]
[2024-10-18T16:10:48.967+0000] {subprocess.py:93} INFO - Message delivered to traffic_speedbands [0]
[2024-10-18T16:10:48.967+0000] {subprocess.py:93} INFO - Message delivered to traffic_speedbands [0]
[2024-10-18T16:10:48.968+0000] {subprocess.py:93} INFO - Message delivered to traffic_speedbands [0]
[2024-10-18T16:10:48.968+0000] {subprocess.py:93} INFO - Message delivered to traffic_speedbands [0]
[2024-10-18T16:10:48.969+0000] {subprocess.py:93} INFO - Message delivered to traffic_speedbands [0]
[2024-10-18T16:10:48.970+0000] {subprocess.py:93} INFO - Message delivered to traffic_speedbands [0]
[2024-10-18T16:10:48.971+0000] {subprocess.py:93} INFO - Message delivered to traffic_speedbands [0]
[2024-10-18T16:10:48.972+0000] {subprocess.py:93} INFO - Message delivered to traffic_speedbands [0]
[2024-10-18T16:10:48.973+0000] {subprocess.py:93} INFO - Message delivered to traffic_speedbands [0]
[2024-10-18T16:10:48.974+0000] {subprocess.py:93} INFO - Message delivered to traffic_speedbands [0]
[2024-10-18T16:10:48.984+0000] {subprocess.py:93} INFO - Message delivered to traffic_speedbands [0]
[2024-10-18T16:10:48.985+0000] {subprocess.py:93} INFO - Message delivered to traffic_speedbands [0]
[2024-10-18T16:10:48.985+0000] {subprocess.py:93} INFO - Message delivered to traffic_speedbands [0]
[2024-10-18T16:10:48.986+0000] {subprocess.py:93} INFO - Message delivered to traffic_speedbands [0]
[2024-10-18T16:10:48.987+0000] {subprocess.py:93} INFO - Message delivered to traffic_speedbands [0]
[2024-10-18T16:10:48.989+0000] {subprocess.py:93} INFO - Message delivered to traffic_speedbands [0]
[2024-10-18T16:10:48.990+0000] {subprocess.py:93} INFO - Message delivered to traffic_speedbands [0]
[2024-10-18T16:10:48.990+0000] {subprocess.py:93} INFO - Message delivered to traffic_speedbands [0]
[2024-10-18T16:10:48.991+0000] {subprocess.py:93} INFO - Message delivered to traffic_speedbands [0]
[2024-10-18T16:10:48.993+0000] {subprocess.py:93} INFO - Message delivered to traffic_speedbands [0]
[2024-10-18T16:10:48.994+0000] {subprocess.py:93} INFO - Message delivered to traffic_speedbands [0]
[2024-10-18T16:10:48.995+0000] {subprocess.py:93} INFO - Message delivered to traffic_speedbands [0]
[2024-10-18T16:10:48.996+0000] {subprocess.py:93} INFO - Message delivered to traffic_speedbands [0]
[2024-10-18T16:10:48.996+0000] {subprocess.py:93} INFO - Message delivered to traffic_speedbands [0]
[2024-10-18T16:10:49.005+0000] {subprocess.py:93} INFO - Message delivered to traffic_speedbands [0]
[2024-10-18T16:10:49.008+0000] {subprocess.py:93} INFO - Message delivered to traffic_speedbands [0]
[2024-10-18T16:10:49.010+0000] {subprocess.py:93} INFO - Message delivered to traffic_speedbands [0]
[2024-10-18T16:10:49.011+0000] {subprocess.py:93} INFO - Message delivered to traffic_speedbands [0]
[2024-10-18T16:10:49.020+0000] {subprocess.py:93} INFO - Message delivered to traffic_speedbands [0]
[2024-10-18T16:10:49.022+0000] {subprocess.py:93} INFO - Message delivered to traffic_speedbands [0]
[2024-10-18T16:10:49.023+0000] {subprocess.py:93} INFO - Message delivered to traffic_speedbands [0]
[2024-10-18T16:10:49.023+0000] {subprocess.py:93} INFO - Message delivered to traffic_speedbands [0]
[2024-10-18T16:10:49.024+0000] {subprocess.py:93} INFO - Message delivered to traffic_speedbands [0]
[2024-10-18T16:10:49.025+0000] {subprocess.py:93} INFO - Message delivered to traffic_speedbands [0]
[2024-10-18T16:10:49.026+0000] {subprocess.py:93} INFO - Message delivered to traffic_speedbands [0]
[2024-10-18T16:10:49.028+0000] {subprocess.py:93} INFO - Message delivered to traffic_speedbands [0]
[2024-10-18T16:10:49.028+0000] {subprocess.py:93} INFO - Message delivered to traffic_speedbands [0]
[2024-10-18T16:10:49.030+0000] {subprocess.py:93} INFO - Message delivered to traffic_speedbands [0]
[2024-10-18T16:10:49.032+0000] {subprocess.py:93} INFO - Message delivered to traffic_speedbands [0]
[2024-10-18T16:10:49.035+0000] {subprocess.py:93} INFO - Message delivered to traffic_speedbands [0]
[2024-10-18T16:10:49.040+0000] {subprocess.py:93} INFO - Message delivered to traffic_speedbands [0]
[2024-10-18T16:10:49.041+0000] {subprocess.py:93} INFO - Message delivered to traffic_speedbands [0]
[2024-10-18T16:10:49.042+0000] {subprocess.py:93} INFO - Message delivered to traffic_speedbands [0]
[2024-10-18T16:10:49.050+0000] {subprocess.py:93} INFO - Message delivered to traffic_speedbands [0]
[2024-10-18T16:10:49.051+0000] {subprocess.py:93} INFO - Message delivered to traffic_speedbands [0]
[2024-10-18T16:10:49.051+0000] {subprocess.py:93} INFO - Message delivered to traffic_speedbands [0]
[2024-10-18T16:10:49.052+0000] {subprocess.py:93} INFO - Message delivered to traffic_speedbands [0]
[2024-10-18T16:10:49.053+0000] {subprocess.py:93} INFO - Message delivered to traffic_speedbands [0]
[2024-10-18T16:10:49.054+0000] {subprocess.py:93} INFO - Message delivered to traffic_speedbands [0]
[2024-10-18T16:10:49.057+0000] {subprocess.py:93} INFO - Message delivered to traffic_speedbands [0]
[2024-10-18T16:10:49.058+0000] {subprocess.py:93} INFO - Message delivered to traffic_speedbands [0]
[2024-10-18T16:10:49.061+0000] {subprocess.py:93} INFO - Message delivered to traffic_speedbands [0]
[2024-10-18T16:10:49.062+0000] {subprocess.py:93} INFO - Message delivered to traffic_speedbands [0]
[2024-10-18T16:10:49.064+0000] {subprocess.py:93} INFO - Message delivered to traffic_speedbands [0]
[2024-10-18T16:10:49.071+0000] {subprocess.py:93} INFO - Message delivered to traffic_speedbands [0]
[2024-10-18T16:10:49.072+0000] {subprocess.py:93} INFO - Message delivered to traffic_speedbands [0]
[2024-10-18T16:10:49.073+0000] {subprocess.py:93} INFO - Message delivered to traffic_speedbands [0]
[2024-10-18T16:10:49.074+0000] {subprocess.py:93} INFO - Message delivered to traffic_speedbands [0]
[2024-10-18T16:10:49.075+0000] {subprocess.py:93} INFO - Message delivered to traffic_speedbands [0]
[2024-10-18T16:10:49.075+0000] {subprocess.py:93} INFO - Message delivered to traffic_speedbands [0]
[2024-10-18T16:10:49.076+0000] {subprocess.py:93} INFO - Message delivered to traffic_speedbands [0]
[2024-10-18T16:10:49.077+0000] {subprocess.py:93} INFO - Message delivered to traffic_speedbands [0]
[2024-10-18T16:10:49.077+0000] {subprocess.py:93} INFO - Message delivered to traffic_speedbands [0]
[2024-10-18T16:10:49.078+0000] {subprocess.py:93} INFO - Message delivered to traffic_speedbands [0]
[2024-10-18T16:10:49.078+0000] {subprocess.py:93} INFO - Message delivered to traffic_speedbands [0]
[2024-10-18T16:10:49.079+0000] {subprocess.py:93} INFO - Message delivered to traffic_speedbands [0]
[2024-10-18T16:10:49.080+0000] {subprocess.py:93} INFO - Message delivered to traffic_speedbands [0]
[2024-10-18T16:10:49.080+0000] {subprocess.py:93} INFO - Message delivered to traffic_speedbands [0]
[2024-10-18T16:10:49.081+0000] {subprocess.py:93} INFO - Message delivered to traffic_speedbands [0]
[2024-10-18T16:10:49.082+0000] {subprocess.py:93} INFO - Message delivered to traffic_speedbands [0]
[2024-10-18T16:10:49.082+0000] {subprocess.py:93} INFO - Message delivered to traffic_speedbands [0]
[2024-10-18T16:10:49.083+0000] {subprocess.py:93} INFO - Message delivered to traffic_speedbands [0]
[2024-10-18T16:10:49.083+0000] {subprocess.py:93} INFO - Message delivered to traffic_speedbands [0]
[2024-10-18T16:10:49.084+0000] {subprocess.py:93} INFO - Message delivered to traffic_speedbands [0]
[2024-10-18T16:10:49.089+0000] {subprocess.py:93} INFO - Message delivered to traffic_speedbands [0]
[2024-10-18T16:10:49.090+0000] {subprocess.py:93} INFO - Message delivered to traffic_speedbands [0]
[2024-10-18T16:10:49.090+0000] {subprocess.py:93} INFO - Message delivered to traffic_speedbands [0]
[2024-10-18T16:10:49.091+0000] {subprocess.py:93} INFO - Message delivered to traffic_speedbands [0]
[2024-10-18T16:10:49.092+0000] {subprocess.py:93} INFO - Message delivered to traffic_speedbands [0]
[2024-10-18T16:10:49.092+0000] {subprocess.py:93} INFO - Message delivered to traffic_speedbands [0]
[2024-10-18T16:10:49.093+0000] {subprocess.py:93} INFO - Message delivered to traffic_speedbands [0]
[2024-10-18T16:10:49.123+0000] {subprocess.py:93} INFO - Message delivered to traffic_speedbands [0]
[2024-10-18T16:10:49.124+0000] {subprocess.py:93} INFO - Message delivered to traffic_speedbands [0]
[2024-10-18T16:10:49.124+0000] {subprocess.py:93} INFO - Message delivered to traffic_speedbands [0]
[2024-10-18T16:10:49.125+0000] {subprocess.py:93} INFO - Message delivered to traffic_speedbands [0]
[2024-10-18T16:10:49.125+0000] {subprocess.py:93} INFO - Message delivered to traffic_speedbands [0]
[2024-10-18T16:10:49.126+0000] {subprocess.py:93} INFO - Message delivered to traffic_speedbands [0]
[2024-10-18T16:10:49.127+0000] {subprocess.py:93} INFO - Message delivered to traffic_speedbands [0]
[2024-10-18T16:10:49.128+0000] {subprocess.py:93} INFO - Message delivered to traffic_speedbands [0]
[2024-10-18T16:10:49.129+0000] {subprocess.py:93} INFO - Message delivered to traffic_speedbands [0]
[2024-10-18T16:10:49.129+0000] {subprocess.py:93} INFO - Message delivered to traffic_speedbands [0]
[2024-10-18T16:10:49.130+0000] {subprocess.py:93} INFO - Message delivered to traffic_speedbands [0]
[2024-10-18T16:10:49.131+0000] {subprocess.py:93} INFO - Message delivered to traffic_speedbands [0]
[2024-10-18T16:10:49.132+0000] {subprocess.py:93} INFO - Message delivered to traffic_speedbands [0]
[2024-10-18T16:10:49.132+0000] {subprocess.py:93} INFO - Message delivered to traffic_speedbands [0]
[2024-10-18T16:10:49.133+0000] {subprocess.py:93} INFO - Message delivered to traffic_speedbands [0]
[2024-10-18T16:10:49.135+0000] {subprocess.py:93} INFO - Message delivered to traffic_speedbands [0]
[2024-10-18T16:10:49.136+0000] {subprocess.py:93} INFO - Message delivered to traffic_speedbands [0]
[2024-10-18T16:10:49.136+0000] {subprocess.py:93} INFO - Message delivered to traffic_speedbands [0]
[2024-10-18T16:10:49.137+0000] {subprocess.py:93} INFO - Message delivered to traffic_speedbands [0]
[2024-10-18T16:10:49.138+0000] {subprocess.py:93} INFO - Message delivered to traffic_speedbands [0]
[2024-10-18T16:10:49.139+0000] {subprocess.py:93} INFO - Message delivered to traffic_speedbands [0]
[2024-10-18T16:10:49.140+0000] {subprocess.py:93} INFO - Message delivered to traffic_speedbands [0]
[2024-10-18T16:10:49.141+0000] {subprocess.py:93} INFO - Message delivered to traffic_speedbands [0]
[2024-10-18T16:10:49.142+0000] {subprocess.py:93} INFO - Message delivered to traffic_speedbands [0]
[2024-10-18T16:10:49.143+0000] {subprocess.py:93} INFO - Message delivered to traffic_speedbands [0]
[2024-10-18T16:10:49.143+0000] {subprocess.py:93} INFO - Message delivered to traffic_speedbands [0]
[2024-10-18T16:10:49.144+0000] {subprocess.py:93} INFO - Message delivered to traffic_speedbands [0]
[2024-10-18T16:10:49.146+0000] {subprocess.py:93} INFO - Message delivered to traffic_speedbands [0]
[2024-10-18T16:10:49.147+0000] {subprocess.py:93} INFO - Message delivered to traffic_speedbands [0]
[2024-10-18T16:10:49.149+0000] {subprocess.py:93} INFO - Message delivered to traffic_speedbands [0]
[2024-10-18T16:10:49.150+0000] {subprocess.py:93} INFO - Message delivered to traffic_speedbands [0]
[2024-10-18T16:10:49.150+0000] {subprocess.py:93} INFO - Message delivered to traffic_speedbands [0]
[2024-10-18T16:10:49.151+0000] {subprocess.py:93} INFO - Message delivered to traffic_speedbands [0]
[2024-10-18T16:10:49.151+0000] {subprocess.py:93} INFO - Message delivered to traffic_speedbands [0]
[2024-10-18T16:10:49.152+0000] {subprocess.py:93} INFO - Message delivered to traffic_speedbands [0]
[2024-10-18T16:10:49.152+0000] {subprocess.py:93} INFO - Message delivered to traffic_speedbands [0]
[2024-10-18T16:10:49.153+0000] {subprocess.py:93} INFO - Message delivered to traffic_speedbands [0]
[2024-10-18T16:10:49.153+0000] {subprocess.py:93} INFO - Message delivered to traffic_speedbands [0]
[2024-10-18T16:10:49.154+0000] {subprocess.py:93} INFO - Message delivered to traffic_speedbands [0]
[2024-10-18T16:10:49.154+0000] {subprocess.py:93} INFO - Message delivered to traffic_speedbands [0]
[2024-10-18T16:10:49.155+0000] {subprocess.py:93} INFO - Message delivered to traffic_speedbands [0]
[2024-10-18T16:10:49.156+0000] {subprocess.py:93} INFO - Message delivered to traffic_speedbands [0]
[2024-10-18T16:10:49.157+0000] {subprocess.py:93} INFO - Message delivered to traffic_speedbands [0]
[2024-10-18T16:10:49.157+0000] {subprocess.py:93} INFO - Message delivered to traffic_speedbands [0]
[2024-10-18T16:10:49.158+0000] {subprocess.py:93} INFO - Message delivered to traffic_speedbands [0]
[2024-10-18T16:10:49.159+0000] {subprocess.py:93} INFO - Message delivered to traffic_speedbands [0]
[2024-10-18T16:10:49.160+0000] {subprocess.py:93} INFO - Message delivered to traffic_speedbands [0]
[2024-10-18T16:10:49.160+0000] {subprocess.py:93} INFO - Message delivered to traffic_speedbands [0]
[2024-10-18T16:10:49.161+0000] {subprocess.py:93} INFO - Message delivered to traffic_speedbands [0]
[2024-10-18T16:10:49.162+0000] {subprocess.py:93} INFO - Message delivered to traffic_speedbands [0]
[2024-10-18T16:10:49.162+0000] {subprocess.py:93} INFO - Message delivered to traffic_speedbands [0]
[2024-10-18T16:10:49.164+0000] {subprocess.py:93} INFO - Message delivered to traffic_speedbands [0]
[2024-10-18T16:10:49.165+0000] {subprocess.py:93} INFO - Message delivered to traffic_speedbands [0]
[2024-10-18T16:10:49.166+0000] {subprocess.py:93} INFO - Message delivered to traffic_speedbands [0]
[2024-10-18T16:10:49.167+0000] {subprocess.py:93} INFO - Message delivered to traffic_speedbands [0]
[2024-10-18T16:10:49.168+0000] {subprocess.py:93} INFO - Message delivered to traffic_speedbands [0]
[2024-10-18T16:10:49.170+0000] {subprocess.py:93} INFO - Message delivered to traffic_speedbands [0]
[2024-10-18T16:10:49.171+0000] {subprocess.py:93} INFO - Message delivered to traffic_speedbands [0]
[2024-10-18T16:10:49.171+0000] {subprocess.py:93} INFO - Message delivered to traffic_speedbands [0]
[2024-10-18T16:10:49.172+0000] {subprocess.py:93} INFO - Message delivered to traffic_speedbands [0]
[2024-10-18T16:10:49.172+0000] {subprocess.py:93} INFO - Message delivered to traffic_speedbands [0]
[2024-10-18T16:10:49.173+0000] {subprocess.py:93} INFO - Message delivered to traffic_speedbands [0]
[2024-10-18T16:10:49.173+0000] {subprocess.py:93} INFO - Message delivered to traffic_speedbands [0]
[2024-10-18T16:10:49.174+0000] {subprocess.py:93} INFO - Message delivered to traffic_speedbands [0]
[2024-10-18T16:10:49.174+0000] {subprocess.py:93} INFO - Message delivered to traffic_speedbands [0]
[2024-10-18T16:10:49.175+0000] {subprocess.py:93} INFO - Message delivered to traffic_speedbands [0]
[2024-10-18T16:10:49.175+0000] {subprocess.py:93} INFO - Message delivered to traffic_speedbands [0]
[2024-10-18T16:10:49.176+0000] {subprocess.py:93} INFO - Message delivered to traffic_speedbands [0]
[2024-10-18T16:10:49.176+0000] {subprocess.py:93} INFO - Message delivered to traffic_speedbands [0]
[2024-10-18T16:10:49.177+0000] {subprocess.py:93} INFO - Message delivered to traffic_speedbands [0]
[2024-10-18T16:10:49.178+0000] {subprocess.py:93} INFO - Message delivered to traffic_speedbands [0]
[2024-10-18T16:10:49.180+0000] {subprocess.py:93} INFO - Message delivered to traffic_speedbands [0]
[2024-10-18T16:10:49.180+0000] {subprocess.py:93} INFO - Message delivered to traffic_speedbands [0]
[2024-10-18T16:10:49.181+0000] {subprocess.py:93} INFO - Message delivered to traffic_speedbands [0]
[2024-10-18T16:10:49.182+0000] {subprocess.py:93} INFO - Message delivered to traffic_speedbands [0]
[2024-10-18T16:10:49.182+0000] {subprocess.py:93} INFO - Message delivered to traffic_speedbands [0]
[2024-10-18T16:10:49.183+0000] {subprocess.py:93} INFO - Message delivered to traffic_speedbands [0]
[2024-10-18T16:10:49.183+0000] {subprocess.py:93} INFO - Message delivered to traffic_speedbands [0]
[2024-10-18T16:10:49.184+0000] {subprocess.py:93} INFO - Message delivered to traffic_speedbands [0]
[2024-10-18T16:10:49.184+0000] {subprocess.py:93} INFO - Message delivered to traffic_speedbands [0]
[2024-10-18T16:10:49.185+0000] {subprocess.py:93} INFO - Message delivered to traffic_speedbands [0]
[2024-10-18T16:10:49.185+0000] {subprocess.py:93} INFO - Message delivered to traffic_speedbands [0]
[2024-10-18T16:10:49.186+0000] {subprocess.py:93} INFO - Message delivered to traffic_speedbands [0]
[2024-10-18T16:10:49.186+0000] {subprocess.py:93} INFO - Message delivered to traffic_speedbands [0]
[2024-10-18T16:10:49.187+0000] {subprocess.py:93} INFO - Message delivered to traffic_speedbands [0]
[2024-10-18T16:10:49.190+0000] {subprocess.py:93} INFO - Message delivered to traffic_speedbands [0]
[2024-10-18T16:10:49.193+0000] {subprocess.py:93} INFO - Message delivered to traffic_speedbands [0]
[2024-10-18T16:10:49.194+0000] {subprocess.py:93} INFO - Message delivered to traffic_speedbands [0]
[2024-10-18T16:10:49.195+0000] {subprocess.py:93} INFO - Message delivered to traffic_speedbands [0]
[2024-10-18T16:10:49.196+0000] {subprocess.py:93} INFO - Message delivered to traffic_speedbands [0]
[2024-10-18T16:10:49.196+0000] {subprocess.py:93} INFO - Message delivered to traffic_speedbands [0]
[2024-10-18T16:10:49.197+0000] {subprocess.py:93} INFO - Message delivered to traffic_speedbands [0]
[2024-10-18T16:10:49.198+0000] {subprocess.py:93} INFO - Message delivered to traffic_speedbands [0]
[2024-10-18T16:10:49.201+0000] {subprocess.py:93} INFO - Message delivered to traffic_speedbands [0]
[2024-10-18T16:10:49.202+0000] {subprocess.py:93} INFO - Message delivered to traffic_speedbands [0]
[2024-10-18T16:10:49.203+0000] {subprocess.py:93} INFO - Message delivered to traffic_speedbands [0]
[2024-10-18T16:10:49.204+0000] {subprocess.py:93} INFO - Message delivered to traffic_speedbands [0]
[2024-10-18T16:10:49.205+0000] {subprocess.py:93} INFO - Message delivered to traffic_speedbands [0]
[2024-10-18T16:10:49.207+0000] {subprocess.py:93} INFO - Message delivered to traffic_speedbands [0]
[2024-10-18T16:10:49.209+0000] {subprocess.py:93} INFO - Message delivered to traffic_speedbands [0]
[2024-10-18T16:10:49.210+0000] {subprocess.py:93} INFO - Message delivered to traffic_speedbands [0]
[2024-10-18T16:10:49.214+0000] {subprocess.py:93} INFO - Message delivered to traffic_speedbands [0]
[2024-10-18T16:10:49.215+0000] {subprocess.py:93} INFO - Message delivered to traffic_speedbands [0]
[2024-10-18T16:10:49.216+0000] {subprocess.py:93} INFO - Message delivered to traffic_speedbands [0]
[2024-10-18T16:10:49.216+0000] {subprocess.py:93} INFO - Message delivered to traffic_speedbands [0]
[2024-10-18T16:10:49.217+0000] {subprocess.py:93} INFO - Message delivered to traffic_speedbands [0]
[2024-10-18T16:10:49.218+0000] {subprocess.py:93} INFO - Message delivered to traffic_speedbands [0]
[2024-10-18T16:10:49.218+0000] {subprocess.py:93} INFO - Message delivered to traffic_speedbands [0]
[2024-10-18T16:10:49.219+0000] {subprocess.py:93} INFO - Message delivered to traffic_speedbands [0]
[2024-10-18T16:10:49.221+0000] {subprocess.py:93} INFO - Message delivered to traffic_speedbands [0]
[2024-10-18T16:10:49.222+0000] {subprocess.py:93} INFO - Message delivered to traffic_speedbands [0]
[2024-10-18T16:10:49.224+0000] {subprocess.py:93} INFO - Message delivered to traffic_speedbands [0]
[2024-10-18T16:10:49.224+0000] {subprocess.py:93} INFO - Message delivered to traffic_speedbands [0]
[2024-10-18T16:10:49.225+0000] {subprocess.py:93} INFO - Message delivered to traffic_speedbands [0]
[2024-10-18T16:10:49.226+0000] {subprocess.py:93} INFO - Message delivered to traffic_speedbands [0]
[2024-10-18T16:10:49.226+0000] {subprocess.py:93} INFO - Message delivered to traffic_speedbands [0]
[2024-10-18T16:10:49.227+0000] {subprocess.py:93} INFO - Message delivered to traffic_speedbands [0]
[2024-10-18T16:10:49.227+0000] {subprocess.py:93} INFO - Message delivered to traffic_speedbands [0]
[2024-10-18T16:10:49.228+0000] {subprocess.py:93} INFO - Message delivered to traffic_speedbands [0]
[2024-10-18T16:10:49.229+0000] {subprocess.py:93} INFO - Message delivered to traffic_speedbands [0]
[2024-10-18T16:10:49.229+0000] {subprocess.py:93} INFO - Message delivered to traffic_speedbands [0]
[2024-10-18T16:10:49.230+0000] {subprocess.py:93} INFO - Message delivered to traffic_speedbands [0]
[2024-10-18T16:10:49.231+0000] {subprocess.py:93} INFO - Message delivered to traffic_speedbands [0]
[2024-10-18T16:10:49.231+0000] {subprocess.py:93} INFO - Message delivered to traffic_speedbands [0]
[2024-10-18T16:10:49.232+0000] {subprocess.py:93} INFO - Message delivered to traffic_speedbands [0]
[2024-10-18T16:10:49.233+0000] {subprocess.py:93} INFO - Message delivered to traffic_speedbands [0]
[2024-10-18T16:10:49.234+0000] {subprocess.py:93} INFO - Message delivered to traffic_speedbands [0]
[2024-10-18T16:10:49.235+0000] {subprocess.py:93} INFO - Message delivered to traffic_speedbands [0]
[2024-10-18T16:10:49.235+0000] {subprocess.py:93} INFO - Message delivered to traffic_speedbands [0]
[2024-10-18T16:10:49.236+0000] {subprocess.py:93} INFO - Message delivered to traffic_speedbands [0]
[2024-10-18T16:10:49.237+0000] {subprocess.py:93} INFO - Message delivered to traffic_speedbands [0]
[2024-10-18T16:10:49.238+0000] {subprocess.py:93} INFO - Message delivered to traffic_speedbands [0]
[2024-10-18T16:10:49.238+0000] {subprocess.py:93} INFO - Message delivered to traffic_speedbands [0]
[2024-10-18T16:10:49.240+0000] {subprocess.py:93} INFO - Message delivered to traffic_speedbands [0]
[2024-10-18T16:10:49.240+0000] {subprocess.py:93} INFO - Message delivered to traffic_speedbands [0]
[2024-10-18T16:10:49.241+0000] {subprocess.py:93} INFO - Message delivered to traffic_speedbands [0]
[2024-10-18T16:10:49.242+0000] {subprocess.py:93} INFO - Message delivered to traffic_speedbands [0]
[2024-10-18T16:10:49.242+0000] {subprocess.py:93} INFO - Message delivered to traffic_speedbands [0]
[2024-10-18T16:10:49.243+0000] {subprocess.py:93} INFO - Message delivered to traffic_speedbands [0]
[2024-10-18T16:10:49.244+0000] {subprocess.py:93} INFO - Message delivered to traffic_speedbands [0]
[2024-10-18T16:10:49.244+0000] {subprocess.py:93} INFO - Message delivered to traffic_speedbands [0]
[2024-10-18T16:10:49.245+0000] {subprocess.py:93} INFO - Message delivered to traffic_speedbands [0]
[2024-10-18T16:10:49.245+0000] {subprocess.py:93} INFO - Message delivered to traffic_speedbands [0]
[2024-10-18T16:10:49.246+0000] {subprocess.py:93} INFO - Message delivered to traffic_speedbands [0]
[2024-10-18T16:10:49.247+0000] {subprocess.py:93} INFO - Message delivered to traffic_speedbands [0]
[2024-10-18T16:10:49.247+0000] {subprocess.py:93} INFO - Message delivered to traffic_speedbands [0]
[2024-10-18T16:10:49.248+0000] {subprocess.py:93} INFO - Message delivered to traffic_speedbands [0]
[2024-10-18T16:10:49.249+0000] {subprocess.py:93} INFO - Message delivered to traffic_speedbands [0]
[2024-10-18T16:10:49.249+0000] {subprocess.py:93} INFO - Message delivered to traffic_speedbands [0]
[2024-10-18T16:10:49.250+0000] {subprocess.py:93} INFO - Message delivered to traffic_speedbands [0]
[2024-10-18T16:10:49.250+0000] {subprocess.py:93} INFO - Message delivered to traffic_speedbands [0]
[2024-10-18T16:10:49.251+0000] {subprocess.py:93} INFO - Message delivered to traffic_speedbands [0]
[2024-10-18T16:10:49.251+0000] {subprocess.py:93} INFO - Message delivered to traffic_speedbands [0]
[2024-10-18T16:10:49.252+0000] {subprocess.py:93} INFO - Message delivered to traffic_speedbands [0]
[2024-10-18T16:10:49.253+0000] {subprocess.py:93} INFO - Message delivered to traffic_speedbands [0]
[2024-10-18T16:10:49.254+0000] {subprocess.py:93} INFO - Message delivered to traffic_speedbands [0]
[2024-10-18T16:10:49.255+0000] {subprocess.py:93} INFO - Message delivered to traffic_speedbands [0]
[2024-10-18T16:10:49.256+0000] {subprocess.py:93} INFO - Message delivered to traffic_speedbands [0]
[2024-10-18T16:10:49.257+0000] {subprocess.py:93} INFO - Message delivered to traffic_speedbands [0]
[2024-10-18T16:10:49.258+0000] {subprocess.py:93} INFO - Message delivered to traffic_speedbands [0]
[2024-10-18T16:10:49.258+0000] {subprocess.py:93} INFO - Message delivered to traffic_speedbands [0]
[2024-10-18T16:10:49.259+0000] {subprocess.py:93} INFO - Message delivered to traffic_speedbands [0]
[2024-10-18T16:10:49.263+0000] {subprocess.py:93} INFO - Message delivered to traffic_speedbands [0]
[2024-10-18T16:10:49.264+0000] {subprocess.py:93} INFO - Message delivered to traffic_speedbands [0]
[2024-10-18T16:10:49.265+0000] {subprocess.py:93} INFO - Message delivered to traffic_speedbands [0]
[2024-10-18T16:10:49.265+0000] {subprocess.py:93} INFO - Message delivered to traffic_speedbands [0]
[2024-10-18T16:10:49.266+0000] {subprocess.py:93} INFO - Message delivered to traffic_speedbands [0]
[2024-10-18T16:10:49.267+0000] {subprocess.py:93} INFO - Message delivered to traffic_speedbands [0]
[2024-10-18T16:10:49.267+0000] {subprocess.py:93} INFO - Message delivered to traffic_speedbands [0]
[2024-10-18T16:10:49.268+0000] {subprocess.py:93} INFO - Message delivered to traffic_speedbands [0]
[2024-10-18T16:10:49.268+0000] {subprocess.py:93} INFO - Message delivered to traffic_speedbands [0]
[2024-10-18T16:10:49.269+0000] {subprocess.py:93} INFO - Message delivered to traffic_speedbands [0]
[2024-10-18T16:10:49.270+0000] {subprocess.py:93} INFO - Message delivered to traffic_speedbands [0]
[2024-10-18T16:10:49.274+0000] {subprocess.py:93} INFO - Message delivered to traffic_speedbands [0]
[2024-10-18T16:10:49.275+0000] {subprocess.py:93} INFO - Message delivered to traffic_speedbands [0]
[2024-10-18T16:10:49.276+0000] {subprocess.py:93} INFO - Message delivered to traffic_speedbands [0]
[2024-10-18T16:10:49.288+0000] {subprocess.py:93} INFO - Message delivered to traffic_speedbands [0]
[2024-10-18T16:10:49.289+0000] {subprocess.py:93} INFO - Message delivered to traffic_speedbands [0]
[2024-10-18T16:10:49.289+0000] {subprocess.py:93} INFO - Message delivered to traffic_speedbands [0]
[2024-10-18T16:10:49.294+0000] {subprocess.py:93} INFO - Message delivered to traffic_speedbands [0]
[2024-10-18T16:10:49.295+0000] {subprocess.py:93} INFO - Message delivered to traffic_speedbands [0]
[2024-10-18T16:10:49.296+0000] {subprocess.py:93} INFO - Message delivered to traffic_speedbands [0]
[2024-10-18T16:10:49.298+0000] {subprocess.py:93} INFO - Message delivered to traffic_speedbands [0]
[2024-10-18T16:10:49.299+0000] {subprocess.py:93} INFO - Message delivered to traffic_speedbands [0]
[2024-10-18T16:10:49.299+0000] {subprocess.py:93} INFO - Message delivered to traffic_speedbands [0]
[2024-10-18T16:10:49.300+0000] {subprocess.py:93} INFO - Message delivered to traffic_speedbands [0]
[2024-10-18T16:10:49.301+0000] {subprocess.py:93} INFO - Message delivered to traffic_speedbands [0]
[2024-10-18T16:10:49.301+0000] {subprocess.py:93} INFO - Message delivered to traffic_speedbands [0]
[2024-10-18T16:10:49.302+0000] {subprocess.py:93} INFO - Message delivered to traffic_speedbands [0]
[2024-10-18T16:10:49.303+0000] {subprocess.py:93} INFO - Message delivered to traffic_speedbands [0]
[2024-10-18T16:10:49.303+0000] {subprocess.py:93} INFO - Message delivered to traffic_speedbands [0]
[2024-10-18T16:10:49.304+0000] {subprocess.py:93} INFO - Message delivered to traffic_speedbands [0]
[2024-10-18T16:10:49.304+0000] {subprocess.py:93} INFO - Message delivered to traffic_speedbands [0]
[2024-10-18T16:10:49.305+0000] {subprocess.py:93} INFO - Message delivered to traffic_speedbands [0]
[2024-10-18T16:10:49.305+0000] {subprocess.py:93} INFO - Message delivered to traffic_speedbands [0]
[2024-10-18T16:10:49.306+0000] {subprocess.py:93} INFO - Message delivered to traffic_speedbands [0]
[2024-10-18T16:10:50.797+0000] {subprocess.py:93} INFO - Message delivered to traffic_speedbands [0]
[2024-10-18T16:10:50.804+0000] {subprocess.py:93} INFO - Message delivered to traffic_speedbands [0]
[2024-10-18T16:10:50.804+0000] {subprocess.py:93} INFO - Message delivered to traffic_speedbands [0]
[2024-10-18T16:10:50.805+0000] {subprocess.py:93} INFO - Message delivered to traffic_speedbands [0]
[2024-10-18T16:10:50.806+0000] {subprocess.py:93} INFO - Message delivered to traffic_speedbands [0]
[2024-10-18T16:10:50.806+0000] {subprocess.py:93} INFO - Message delivered to traffic_speedbands [0]
[2024-10-18T16:10:50.809+0000] {subprocess.py:93} INFO - Message delivered to traffic_speedbands [0]
[2024-10-18T16:10:50.810+0000] {subprocess.py:93} INFO - Message delivered to traffic_speedbands [0]
[2024-10-18T16:10:50.811+0000] {subprocess.py:93} INFO - Message delivered to traffic_speedbands [0]
[2024-10-18T16:10:50.812+0000] {subprocess.py:93} INFO - Message delivered to traffic_speedbands [0]
[2024-10-18T16:10:50.813+0000] {subprocess.py:93} INFO - Message delivered to traffic_speedbands [0]
[2024-10-18T16:10:50.814+0000] {subprocess.py:93} INFO - Message delivered to traffic_speedbands [0]
[2024-10-18T16:10:50.815+0000] {subprocess.py:93} INFO - Message delivered to traffic_speedbands [0]
[2024-10-18T16:10:50.816+0000] {subprocess.py:93} INFO - Message delivered to traffic_speedbands [0]
[2024-10-18T16:10:50.817+0000] {subprocess.py:93} INFO - Message delivered to traffic_speedbands [0]
[2024-10-18T16:10:50.817+0000] {subprocess.py:93} INFO - Message delivered to traffic_speedbands [0]
[2024-10-18T16:10:50.818+0000] {subprocess.py:93} INFO - Message delivered to traffic_speedbands [0]
[2024-10-18T16:10:50.819+0000] {subprocess.py:93} INFO - Message delivered to traffic_speedbands [0]
[2024-10-18T16:10:50.821+0000] {subprocess.py:93} INFO - Message delivered to traffic_speedbands [0]
[2024-10-18T16:10:50.822+0000] {subprocess.py:93} INFO - Message delivered to traffic_speedbands [0]
[2024-10-18T16:10:50.823+0000] {subprocess.py:93} INFO - Message delivered to traffic_speedbands [0]
[2024-10-18T16:10:50.824+0000] {subprocess.py:93} INFO - Message delivered to traffic_speedbands [0]
[2024-10-18T16:10:50.825+0000] {subprocess.py:93} INFO - Message delivered to traffic_speedbands [0]
[2024-10-18T16:10:50.826+0000] {subprocess.py:93} INFO - Message delivered to traffic_speedbands [0]
[2024-10-18T16:10:50.827+0000] {subprocess.py:93} INFO - Message delivered to traffic_speedbands [0]
[2024-10-18T16:10:50.827+0000] {subprocess.py:93} INFO - Message delivered to traffic_speedbands [0]
[2024-10-18T16:10:50.828+0000] {subprocess.py:93} INFO - Message delivered to traffic_speedbands [0]
[2024-10-18T16:10:50.829+0000] {subprocess.py:93} INFO - Message delivered to traffic_speedbands [0]
[2024-10-18T16:10:50.829+0000] {subprocess.py:93} INFO - Message delivered to traffic_speedbands [0]
[2024-10-18T16:10:50.830+0000] {subprocess.py:93} INFO - Message delivered to traffic_speedbands [0]
[2024-10-18T16:10:50.831+0000] {subprocess.py:93} INFO - Message delivered to traffic_speedbands [0]
[2024-10-18T16:10:50.831+0000] {subprocess.py:93} INFO - Message delivered to traffic_speedbands [0]
[2024-10-18T16:10:50.832+0000] {subprocess.py:93} INFO - Message delivered to traffic_speedbands [0]
[2024-10-18T16:10:50.832+0000] {subprocess.py:93} INFO - Message delivered to traffic_speedbands [0]
[2024-10-18T16:10:50.834+0000] {subprocess.py:93} INFO - Message delivered to traffic_speedbands [0]
[2024-10-18T16:10:50.835+0000] {subprocess.py:93} INFO - Message delivered to traffic_speedbands [0]
[2024-10-18T16:10:50.835+0000] {subprocess.py:93} INFO - Message delivered to traffic_speedbands [0]
[2024-10-18T16:10:50.856+0000] {subprocess.py:93} INFO - Message delivered to traffic_speedbands [0]
[2024-10-18T16:10:50.857+0000] {subprocess.py:93} INFO - Message delivered to traffic_speedbands [0]
[2024-10-18T16:10:50.859+0000] {subprocess.py:93} INFO - Message delivered to traffic_speedbands [0]
[2024-10-18T16:10:50.860+0000] {subprocess.py:93} INFO - Message delivered to traffic_speedbands [0]
[2024-10-18T16:10:50.860+0000] {subprocess.py:93} INFO - Message delivered to traffic_speedbands [0]
[2024-10-18T16:10:50.861+0000] {subprocess.py:93} INFO - Message delivered to traffic_speedbands [0]
[2024-10-18T16:10:50.862+0000] {subprocess.py:93} INFO - Message delivered to traffic_speedbands [0]
[2024-10-18T16:10:50.863+0000] {subprocess.py:93} INFO - Message delivered to traffic_speedbands [0]
[2024-10-18T16:10:50.863+0000] {subprocess.py:93} INFO - Message delivered to traffic_speedbands [0]
[2024-10-18T16:10:50.864+0000] {subprocess.py:93} INFO - Message delivered to traffic_speedbands [0]
[2024-10-18T16:10:50.864+0000] {subprocess.py:93} INFO - Message delivered to traffic_speedbands [0]
[2024-10-18T16:10:50.865+0000] {subprocess.py:93} INFO - Message delivered to traffic_speedbands [0]
[2024-10-18T16:10:50.865+0000] {subprocess.py:93} INFO - Message delivered to traffic_speedbands [0]
[2024-10-18T16:10:50.866+0000] {subprocess.py:93} INFO - Message delivered to traffic_speedbands [0]
[2024-10-18T16:10:50.866+0000] {subprocess.py:93} INFO - Message delivered to traffic_speedbands [0]
[2024-10-18T16:10:50.867+0000] {subprocess.py:93} INFO - Message delivered to traffic_speedbands [0]
[2024-10-18T16:10:50.867+0000] {subprocess.py:93} INFO - Message delivered to traffic_speedbands [0]
[2024-10-18T16:10:50.868+0000] {subprocess.py:93} INFO - Message delivered to traffic_speedbands [0]
[2024-10-18T16:10:50.868+0000] {subprocess.py:93} INFO - Message delivered to traffic_speedbands [0]
[2024-10-18T16:10:50.869+0000] {subprocess.py:93} INFO - Message delivered to traffic_speedbands [0]
[2024-10-18T16:10:50.870+0000] {subprocess.py:93} INFO - Message delivered to traffic_speedbands [0]
[2024-10-18T16:10:50.870+0000] {subprocess.py:93} INFO - Message delivered to traffic_speedbands [0]
[2024-10-18T16:10:50.871+0000] {subprocess.py:93} INFO - Message delivered to traffic_speedbands [0]
[2024-10-18T16:10:50.871+0000] {subprocess.py:93} INFO - Message delivered to traffic_speedbands [0]
[2024-10-18T16:10:50.872+0000] {subprocess.py:93} INFO - Message delivered to traffic_speedbands [0]
[2024-10-18T16:10:50.872+0000] {subprocess.py:93} INFO - Message delivered to traffic_speedbands [0]
[2024-10-18T16:10:50.873+0000] {subprocess.py:93} INFO - Message delivered to traffic_speedbands [0]
[2024-10-18T16:10:50.873+0000] {subprocess.py:93} INFO - Message delivered to traffic_speedbands [0]
[2024-10-18T16:10:50.874+0000] {subprocess.py:93} INFO - Message delivered to traffic_speedbands [0]
[2024-10-18T16:10:50.874+0000] {subprocess.py:93} INFO - Message delivered to traffic_speedbands [0]
[2024-10-18T16:10:50.875+0000] {subprocess.py:93} INFO - Message delivered to traffic_speedbands [0]
[2024-10-18T16:10:50.875+0000] {subprocess.py:93} INFO - Message delivered to traffic_speedbands [0]
[2024-10-18T16:10:50.876+0000] {subprocess.py:93} INFO - Message delivered to traffic_speedbands [0]
[2024-10-18T16:10:50.877+0000] {subprocess.py:93} INFO - Message delivered to traffic_speedbands [0]
[2024-10-18T16:10:50.877+0000] {subprocess.py:93} INFO - Message delivered to traffic_speedbands [0]
[2024-10-18T16:10:50.878+0000] {subprocess.py:93} INFO - Message delivered to traffic_speedbands [0]
[2024-10-18T16:10:50.878+0000] {subprocess.py:93} INFO - Message delivered to traffic_speedbands [0]
[2024-10-18T16:10:50.879+0000] {subprocess.py:93} INFO - Message delivered to traffic_speedbands [0]
[2024-10-18T16:10:50.879+0000] {subprocess.py:93} INFO - Message delivered to traffic_speedbands [0]
[2024-10-18T16:10:50.880+0000] {subprocess.py:93} INFO - Message delivered to traffic_speedbands [0]
[2024-10-18T16:10:50.880+0000] {subprocess.py:93} INFO - Message delivered to traffic_speedbands [0]
[2024-10-18T16:10:50.881+0000] {subprocess.py:93} INFO - Message delivered to traffic_speedbands [0]
[2024-10-18T16:10:50.884+0000] {subprocess.py:93} INFO - Message delivered to traffic_speedbands [0]
[2024-10-18T16:10:50.885+0000] {subprocess.py:93} INFO - Message delivered to traffic_speedbands [0]
[2024-10-18T16:10:50.885+0000] {subprocess.py:93} INFO - Message delivered to traffic_speedbands [0]
[2024-10-18T16:10:50.886+0000] {subprocess.py:93} INFO - Message delivered to traffic_speedbands [0]
[2024-10-18T16:10:50.887+0000] {subprocess.py:93} INFO - Message delivered to traffic_speedbands [0]
[2024-10-18T16:10:50.887+0000] {subprocess.py:93} INFO - Message delivered to traffic_speedbands [0]
[2024-10-18T16:10:50.887+0000] {subprocess.py:93} INFO - Message delivered to traffic_speedbands [0]
[2024-10-18T16:10:50.888+0000] {subprocess.py:93} INFO - Message delivered to traffic_speedbands [0]
[2024-10-18T16:10:50.889+0000] {subprocess.py:93} INFO - Message delivered to traffic_speedbands [0]
[2024-10-18T16:10:50.889+0000] {subprocess.py:93} INFO - Message delivered to traffic_speedbands [0]
[2024-10-18T16:10:50.890+0000] {subprocess.py:93} INFO - Message delivered to traffic_speedbands [0]
[2024-10-18T16:10:50.890+0000] {subprocess.py:93} INFO - Message delivered to traffic_speedbands [0]
[2024-10-18T16:10:50.890+0000] {subprocess.py:93} INFO - Message delivered to traffic_speedbands [0]
[2024-10-18T16:10:50.891+0000] {subprocess.py:93} INFO - Message delivered to traffic_speedbands [0]
[2024-10-18T16:10:50.892+0000] {subprocess.py:93} INFO - Message delivered to traffic_speedbands [0]
[2024-10-18T16:10:50.892+0000] {subprocess.py:93} INFO - Message delivered to traffic_speedbands [0]
[2024-10-18T16:10:50.893+0000] {subprocess.py:93} INFO - Message delivered to traffic_speedbands [0]
[2024-10-18T16:10:50.893+0000] {subprocess.py:93} INFO - Message delivered to traffic_speedbands [0]
[2024-10-18T16:10:50.894+0000] {subprocess.py:93} INFO - Message delivered to traffic_speedbands [0]
[2024-10-18T16:10:50.894+0000] {subprocess.py:93} INFO - Message delivered to traffic_speedbands [0]
[2024-10-18T16:10:50.895+0000] {subprocess.py:93} INFO - Message delivered to traffic_speedbands [0]
[2024-10-18T16:10:50.896+0000] {subprocess.py:93} INFO - Message delivered to traffic_speedbands [0]
[2024-10-18T16:10:50.896+0000] {subprocess.py:93} INFO - Message delivered to traffic_speedbands [0]
[2024-10-18T16:10:50.897+0000] {subprocess.py:93} INFO - Message delivered to traffic_speedbands [0]
[2024-10-18T16:10:50.899+0000] {subprocess.py:93} INFO - Message delivered to traffic_speedbands [0]
[2024-10-18T16:10:50.900+0000] {subprocess.py:93} INFO - Message delivered to traffic_speedbands [0]
[2024-10-18T16:10:50.900+0000] {subprocess.py:93} INFO - Message delivered to traffic_speedbands [0]
[2024-10-18T16:10:50.901+0000] {subprocess.py:93} INFO - Message delivered to traffic_speedbands [0]
[2024-10-18T16:10:50.902+0000] {subprocess.py:93} INFO - Message delivered to traffic_speedbands [0]
[2024-10-18T16:10:50.902+0000] {subprocess.py:93} INFO - Message delivered to traffic_speedbands [0]
[2024-10-18T16:10:50.903+0000] {subprocess.py:93} INFO - Message delivered to traffic_speedbands [0]
[2024-10-18T16:10:50.904+0000] {subprocess.py:93} INFO - Message delivered to traffic_speedbands [0]
[2024-10-18T16:10:50.904+0000] {subprocess.py:93} INFO - Message delivered to traffic_speedbands [0]
[2024-10-18T16:10:50.905+0000] {subprocess.py:93} INFO - Message delivered to traffic_speedbands [0]
[2024-10-18T16:10:50.905+0000] {subprocess.py:93} INFO - Message delivered to traffic_speedbands [0]
[2024-10-18T16:10:50.906+0000] {subprocess.py:93} INFO - Message delivered to traffic_speedbands [0]
[2024-10-18T16:10:50.906+0000] {subprocess.py:93} INFO - Message delivered to traffic_speedbands [0]
[2024-10-18T16:10:50.907+0000] {subprocess.py:93} INFO - Message delivered to traffic_speedbands [0]
[2024-10-18T16:10:50.907+0000] {subprocess.py:93} INFO - Message delivered to traffic_speedbands [0]
[2024-10-18T16:10:50.908+0000] {subprocess.py:93} INFO - Message delivered to traffic_speedbands [0]
[2024-10-18T16:10:50.908+0000] {subprocess.py:93} INFO - Message delivered to traffic_speedbands [0]
[2024-10-18T16:10:50.909+0000] {subprocess.py:93} INFO - Message delivered to traffic_speedbands [0]
[2024-10-18T16:10:50.909+0000] {subprocess.py:93} INFO - Message delivered to traffic_speedbands [0]
[2024-10-18T16:10:50.910+0000] {subprocess.py:93} INFO - Message delivered to traffic_speedbands [0]
[2024-10-18T16:10:50.910+0000] {subprocess.py:93} INFO - Message delivered to traffic_speedbands [0]
[2024-10-18T16:10:50.911+0000] {subprocess.py:93} INFO - Message delivered to traffic_speedbands [0]
[2024-10-18T16:10:50.911+0000] {subprocess.py:93} INFO - Message delivered to traffic_speedbands [0]
[2024-10-18T16:10:50.912+0000] {subprocess.py:93} INFO - Message delivered to traffic_speedbands [0]
[2024-10-18T16:10:50.912+0000] {subprocess.py:93} INFO - Message delivered to traffic_speedbands [0]
[2024-10-18T16:10:50.913+0000] {subprocess.py:93} INFO - Message delivered to traffic_speedbands [0]
[2024-10-18T16:10:50.924+0000] {subprocess.py:93} INFO - Message delivered to traffic_speedbands [0]
[2024-10-18T16:10:50.929+0000] {subprocess.py:93} INFO - Message delivered to traffic_speedbands [0]
[2024-10-18T16:10:50.930+0000] {subprocess.py:93} INFO - Message delivered to traffic_speedbands [0]
[2024-10-18T16:10:50.930+0000] {subprocess.py:93} INFO - Message delivered to traffic_speedbands [0]
[2024-10-18T16:10:50.931+0000] {subprocess.py:93} INFO - Message delivered to traffic_speedbands [0]
[2024-10-18T16:10:50.931+0000] {subprocess.py:93} INFO - Message delivered to traffic_speedbands [0]
[2024-10-18T16:10:50.932+0000] {subprocess.py:93} INFO - Message delivered to traffic_speedbands [0]
[2024-10-18T16:10:50.933+0000] {subprocess.py:93} INFO - Message delivered to traffic_speedbands [0]
[2024-10-18T16:10:50.933+0000] {subprocess.py:93} INFO - Message delivered to traffic_speedbands [0]
[2024-10-18T16:10:50.934+0000] {subprocess.py:93} INFO - Message delivered to traffic_speedbands [0]
[2024-10-18T16:10:50.934+0000] {subprocess.py:93} INFO - Message delivered to traffic_speedbands [0]
[2024-10-18T16:10:50.935+0000] {subprocess.py:93} INFO - Message delivered to traffic_speedbands [0]
[2024-10-18T16:10:50.935+0000] {subprocess.py:93} INFO - Message delivered to traffic_speedbands [0]
[2024-10-18T16:10:50.948+0000] {subprocess.py:93} INFO - Message delivered to traffic_speedbands [0]
[2024-10-18T16:10:50.949+0000] {subprocess.py:93} INFO - Message delivered to traffic_speedbands [0]
[2024-10-18T16:10:50.950+0000] {subprocess.py:93} INFO - Message delivered to traffic_speedbands [0]
[2024-10-18T16:10:50.951+0000] {subprocess.py:93} INFO - Message delivered to traffic_speedbands [0]
[2024-10-18T16:10:50.951+0000] {subprocess.py:93} INFO - Message delivered to traffic_speedbands [0]
[2024-10-18T16:10:50.952+0000] {subprocess.py:93} INFO - Message delivered to traffic_speedbands [0]
[2024-10-18T16:10:50.953+0000] {subprocess.py:93} INFO - Message delivered to traffic_speedbands [0]
[2024-10-18T16:10:50.953+0000] {subprocess.py:93} INFO - Message delivered to traffic_speedbands [0]
[2024-10-18T16:10:50.954+0000] {subprocess.py:93} INFO - Message delivered to traffic_speedbands [0]
[2024-10-18T16:10:50.954+0000] {subprocess.py:93} INFO - Message delivered to traffic_speedbands [0]
[2024-10-18T16:10:50.955+0000] {subprocess.py:93} INFO - Message delivered to traffic_speedbands [0]
[2024-10-18T16:10:50.955+0000] {subprocess.py:93} INFO - Message delivered to traffic_speedbands [0]
[2024-10-18T16:10:50.956+0000] {subprocess.py:93} INFO - Message delivered to traffic_vms [0]
[2024-10-18T16:10:50.956+0000] {subprocess.py:93} INFO - Message delivered to traffic_vms [0]
[2024-10-18T16:10:50.957+0000] {subprocess.py:93} INFO - Message delivered to traffic_vms [0]
[2024-10-18T16:10:50.960+0000] {subprocess.py:93} INFO - Message delivered to traffic_vms [0]
[2024-10-18T16:10:50.960+0000] {subprocess.py:93} INFO - Message delivered to traffic_vms [0]
[2024-10-18T16:10:50.961+0000] {subprocess.py:93} INFO - Message delivered to traffic_vms [0]
[2024-10-18T16:10:50.962+0000] {subprocess.py:93} INFO - Message delivered to traffic_vms [0]
[2024-10-18T16:10:50.963+0000] {subprocess.py:93} INFO - Message delivered to traffic_vms [0]
[2024-10-18T16:10:50.964+0000] {subprocess.py:93} INFO - Message delivered to traffic_vms [0]
[2024-10-18T16:10:50.964+0000] {subprocess.py:93} INFO - Message delivered to traffic_vms [0]
[2024-10-18T16:10:50.965+0000] {subprocess.py:93} INFO - Message delivered to traffic_vms [0]
[2024-10-18T16:10:50.966+0000] {subprocess.py:93} INFO - Message delivered to traffic_vms [0]
[2024-10-18T16:10:50.967+0000] {subprocess.py:93} INFO - Message delivered to traffic_vms [0]
[2024-10-18T16:10:50.967+0000] {subprocess.py:93} INFO - Message delivered to traffic_vms [0]
[2024-10-18T16:10:50.968+0000] {subprocess.py:93} INFO - Message delivered to traffic_vms [0]
[2024-10-18T16:10:50.968+0000] {subprocess.py:93} INFO - Message delivered to traffic_vms [0]
[2024-10-18T16:10:50.969+0000] {subprocess.py:93} INFO - Message delivered to traffic_vms [0]
[2024-10-18T16:10:50.970+0000] {subprocess.py:93} INFO - Message delivered to traffic_vms [0]
[2024-10-18T16:10:50.970+0000] {subprocess.py:93} INFO - Message delivered to traffic_vms [0]
[2024-10-18T16:10:50.971+0000] {subprocess.py:93} INFO - Message delivered to traffic_vms [0]
[2024-10-18T16:10:50.971+0000] {subprocess.py:93} INFO - Message delivered to traffic_vms [0]
[2024-10-18T16:10:50.972+0000] {subprocess.py:93} INFO - Message delivered to traffic_vms [0]
[2024-10-18T16:10:50.972+0000] {subprocess.py:93} INFO - Message delivered to traffic_vms [0]
[2024-10-18T16:10:50.973+0000] {subprocess.py:93} INFO - Message delivered to traffic_vms [0]
[2024-10-18T16:10:50.973+0000] {subprocess.py:93} INFO - Message delivered to traffic_vms [0]
[2024-10-18T16:10:50.974+0000] {subprocess.py:93} INFO - Message delivered to traffic_images [0]
[2024-10-18T16:10:50.974+0000] {subprocess.py:93} INFO - Message delivered to traffic_images [0]
[2024-10-18T16:10:50.974+0000] {subprocess.py:93} INFO - Message delivered to traffic_images [0]
[2024-10-18T16:10:50.975+0000] {subprocess.py:93} INFO - Message delivered to traffic_images [0]
[2024-10-18T16:10:50.976+0000] {subprocess.py:93} INFO - Message delivered to traffic_images [0]
[2024-10-18T16:10:50.976+0000] {subprocess.py:93} INFO - Message delivered to traffic_images [0]
[2024-10-18T16:10:50.976+0000] {subprocess.py:93} INFO - Message delivered to traffic_images [0]
[2024-10-18T16:10:50.977+0000] {subprocess.py:93} INFO - Message delivered to traffic_images [0]
[2024-10-18T16:10:50.977+0000] {subprocess.py:93} INFO - Message delivered to traffic_images [0]
[2024-10-18T16:10:50.977+0000] {subprocess.py:93} INFO - Message delivered to traffic_images [0]
[2024-10-18T16:10:50.978+0000] {subprocess.py:93} INFO - Message delivered to traffic_images [0]
[2024-10-18T16:10:50.978+0000] {subprocess.py:93} INFO - Message delivered to traffic_images [0]
[2024-10-18T16:10:50.979+0000] {subprocess.py:93} INFO - Message delivered to traffic_images [0]
