[2024-10-18T16:10:38.963+0000] {local_task_job_runner.py:123} INFO - ::group::Pre task execution logs
[2024-10-18T16:10:39.055+0000] {taskinstance.py:2612} INFO - Dependencies all met for dep_context=non-requeueable deps ti=<TaskInstance: daily_incident_batch.run_daily_incident_report scheduled__2024-10-17T00:00:00+00:00 [queued]>
[2024-10-18T16:10:39.087+0000] {taskinstance.py:2612} INFO - Dependencies all met for dep_context=requeueable deps ti=<TaskInstance: daily_incident_batch.run_daily_incident_report scheduled__2024-10-17T00:00:00+00:00 [queued]>
[2024-10-18T16:10:39.092+0000] {taskinstance.py:2865} INFO - Starting attempt 1 of 1
[2024-10-18T16:10:39.149+0000] {taskinstance.py:2888} INFO - Executing <Task(BashOperator): run_daily_incident_report> on 2024-10-17 00:00:00+00:00
[2024-10-18T16:10:39.198+0000] {warnings.py:112} WARNING - /home/airflow/.local/lib/python3.12/site-packages/airflow/task/task_runner/standard_task_runner.py:70: DeprecationWarning: This process (pid=71) is multi-threaded, use of fork() may lead to deadlocks in the child.
  pid = os.fork()

[2024-10-18T16:10:39.211+0000] {standard_task_runner.py:72} INFO - Started process 104 to run task
[2024-10-18T16:10:39.234+0000] {standard_task_runner.py:104} INFO - Running: ['airflow', 'tasks', 'run', 'daily_incident_batch', 'run_daily_incident_report', 'scheduled__2024-10-17T00:00:00+00:00', '--job-id', '59', '--raw', '--subdir', 'DAGS_FOLDER/daily_incident_dag.py', '--cfg-path', '/tmp/tmpthdt7kuo']
[2024-10-18T16:10:39.239+0000] {standard_task_runner.py:105} INFO - Job 59: Subtask run_daily_incident_report
[2024-10-18T16:10:39.477+0000] {task_command.py:467} INFO - Running <TaskInstance: daily_incident_batch.run_daily_incident_report scheduled__2024-10-17T00:00:00+00:00 [running]> on host d3e030726ed3
[2024-10-18T16:10:39.768+0000] {taskinstance.py:3131} INFO - Exporting env vars: AIRFLOW_CTX_DAG_OWNER='airflow' AIRFLOW_CTX_DAG_ID='daily_incident_batch' AIRFLOW_CTX_TASK_ID='run_daily_incident_report' AIRFLOW_CTX_EXECUTION_DATE='2024-10-17T00:00:00+00:00' AIRFLOW_CTX_TRY_NUMBER='1' AIRFLOW_CTX_DAG_RUN_ID='scheduled__2024-10-17T00:00:00+00:00'
[2024-10-18T16:10:39.770+0000] {taskinstance.py:731} INFO - ::endgroup::
[2024-10-18T16:10:39.811+0000] {subprocess.py:63} INFO - Tmp dir root location: /tmp
[2024-10-18T16:10:39.814+0000] {subprocess.py:75} INFO - Running command: ['/usr/bin/bash', '-c', 'python3 /opt/airflow/app/spark/batch/daily_incident.py']
[2024-10-18T16:10:39.838+0000] {subprocess.py:86} INFO - Output:
[2024-10-18T16:10:42.590+0000] {subprocess.py:93} INFO - INFO:hdfs.client:Instantiated <InsecureClient(url='http://namenode:9870')>.
[2024-10-18T16:10:42.591+0000] {subprocess.py:93} INFO - INFO:root:Creating Spark session for DailyIncident_BatchReport
[2024-10-18T16:10:46.077+0000] {subprocess.py:93} INFO - 24/10/18 16:10:46 WARN NativeCodeLoader: Unable to load native-hadoop library for your platform... using builtin-java classes where applicable
[2024-10-18T16:10:46.468+0000] {subprocess.py:93} INFO - Using Spark's default log4j profile: org/apache/spark/log4j-defaults.properties
[2024-10-18T16:10:46.470+0000] {subprocess.py:93} INFO - Setting default log level to "WARN".
[2024-10-18T16:10:46.470+0000] {subprocess.py:93} INFO - To adjust logging level use sc.setLogLevel(newLevel). For SparkR, use setLogLevel(newLevel).
[2024-10-18T16:10:48.426+0000] {subprocess.py:93} INFO - 24/10/18 16:10:48 WARN Utils: Service 'SparkUI' could not bind on port 4040. Attempting port 4041.
[2024-10-18T16:10:51.500+0000] {subprocess.py:93} INFO - INFO:root:Reading JSON from hdfs://namenode:8020/user/hadoop/traffic_data/traffic_incidents.json
