[2024-10-18T16:10:38.753+0000] {local_task_job_runner.py:123} INFO - ::group::Pre task execution logs
[2024-10-18T16:10:38.864+0000] {taskinstance.py:2612} INFO - Dependencies all met for dep_context=non-requeueable deps ti=<TaskInstance: daily_incident_batch.run_daily_incident_report scheduled__2024-10-16T00:00:00+00:00 [queued]>
[2024-10-18T16:10:38.893+0000] {taskinstance.py:2612} INFO - Dependencies all met for dep_context=requeueable deps ti=<TaskInstance: daily_incident_batch.run_daily_incident_report scheduled__2024-10-16T00:00:00+00:00 [queued]>
[2024-10-18T16:10:38.894+0000] {taskinstance.py:2865} INFO - Starting attempt 1 of 1
[2024-10-18T16:10:38.946+0000] {taskinstance.py:2888} INFO - Executing <Task(BashOperator): run_daily_incident_report> on 2024-10-16 00:00:00+00:00
[2024-10-18T16:10:38.961+0000] {warnings.py:112} WARNING - /home/airflow/.local/lib/python3.12/site-packages/airflow/task/task_runner/standard_task_runner.py:70: DeprecationWarning: This process (pid=69) is multi-threaded, use of fork() may lead to deadlocks in the child.
  pid = os.fork()

[2024-10-18T16:10:38.963+0000] {standard_task_runner.py:72} INFO - Started process 87 to run task
[2024-10-18T16:10:38.965+0000] {standard_task_runner.py:104} INFO - Running: ['airflow', 'tasks', 'run', 'daily_incident_batch', 'run_daily_incident_report', 'scheduled__2024-10-16T00:00:00+00:00', '--job-id', '53', '--raw', '--subdir', 'DAGS_FOLDER/daily_incident_dag.py', '--cfg-path', '/tmp/tmpd59lp1qb']
[2024-10-18T16:10:38.976+0000] {standard_task_runner.py:105} INFO - Job 53: Subtask run_daily_incident_report
[2024-10-18T16:10:39.307+0000] {task_command.py:467} INFO - Running <TaskInstance: daily_incident_batch.run_daily_incident_report scheduled__2024-10-16T00:00:00+00:00 [running]> on host d3e030726ed3
[2024-10-18T16:10:39.634+0000] {taskinstance.py:3131} INFO - Exporting env vars: AIRFLOW_CTX_DAG_OWNER='airflow' AIRFLOW_CTX_DAG_ID='daily_incident_batch' AIRFLOW_CTX_TASK_ID='run_daily_incident_report' AIRFLOW_CTX_EXECUTION_DATE='2024-10-16T00:00:00+00:00' AIRFLOW_CTX_TRY_NUMBER='1' AIRFLOW_CTX_DAG_RUN_ID='scheduled__2024-10-16T00:00:00+00:00'
[2024-10-18T16:10:39.637+0000] {taskinstance.py:731} INFO - ::endgroup::
[2024-10-18T16:10:39.679+0000] {subprocess.py:63} INFO - Tmp dir root location: /tmp
[2024-10-18T16:10:39.682+0000] {subprocess.py:75} INFO - Running command: ['/usr/bin/bash', '-c', 'python3 /opt/airflow/app/spark/batch/daily_incident.py']
[2024-10-18T16:10:39.712+0000] {subprocess.py:86} INFO - Output:
[2024-10-18T16:10:42.583+0000] {subprocess.py:93} INFO - INFO:hdfs.client:Instantiated <InsecureClient(url='http://namenode:9870')>.
[2024-10-18T16:10:42.586+0000] {subprocess.py:93} INFO - INFO:root:Creating Spark session for DailyIncident_BatchReport
[2024-10-18T16:10:46.258+0000] {subprocess.py:93} INFO - 24/10/18 16:10:46 WARN NativeCodeLoader: Unable to load native-hadoop library for your platform... using builtin-java classes where applicable
[2024-10-18T16:10:46.650+0000] {subprocess.py:93} INFO - Using Spark's default log4j profile: org/apache/spark/log4j-defaults.properties
[2024-10-18T16:10:46.651+0000] {subprocess.py:93} INFO - Setting default log level to "WARN".
[2024-10-18T16:10:46.652+0000] {subprocess.py:93} INFO - To adjust logging level use sc.setLogLevel(newLevel). For SparkR, use setLogLevel(newLevel).
[2024-10-18T16:10:51.520+0000] {subprocess.py:93} INFO - INFO:root:Reading JSON from hdfs://namenode:8020/user/hadoop/traffic_data/traffic_incidents.json
